<tr>
<td>Bench_blasted_118_328_case47.cnf</td>
<td>118</td>
<td>328</td>
<td>119</td>
<td>0.008652</td>
<td>262144</td>
</tr>
<tr>
<td>Bench_blasted_118_328_case47.cnf</td>
<td>118</td>
<td>328</td>
<td>119</td>
<td>0.009217</td>
<td>262144</td>
</tr>
<tr>
<td>Bench_blasted_118_328_case47.cnf</td>
<td>118</td>
<td>328</td>
<td>119</td>
<td>0.008904</td>
<td>262144</td>
</tr>
<tr>
<td>Bench_blasted_118_328_case47.cnf</td>
<td>118</td>
<td>328</td>
<td>119</td>
<td>0.008913</td>
<td>262144</td>
</tr>
<tr>
<td>Bench_blasted_118_328_case47.cnf</td>
<td>118</td>
<td>328</td>
<td>119</td>
<td>0.009442</td>
<td>262144</td>
</tr>
<tr>
<td>sat_SYN_4.cnf</td>
<td>16546</td>
<td>52966</td>
<td>1323544</td>
<td>40.3575</td>
<td>114905579015414699114889230277702221865057497137911328479220108860787844643464216953278009515361671999315188885610107964496465583059336303454580297334267694023653538679391273332853715545351332856773100341805337539784172411885097183599882128745645064036046205404058051982338719028248883016006656511354140243155333282089718722166821125456714003116108572692634587165558779673948727882119665863866964890300631710938490538883406239795938611691520000000</td>
</tr>
<tr>
<td>Bench_blasted_118_328_case47.cnf</td>
<td>118</td>
<td>328</td>
<td>119</td>
<td>0.009696</td>
<td>262144</td>
</tr>
